<?xml version="1.0" encoding="UTF-8"?>
<testng-results ignored="0" total="1" passed="1" failed="0" skipped="0">
  <reporter-output>
  </reporter-output>
  <suite started-at="2018-04-03T17:49:30Z" name="Default suite" finished-at="2018-04-03T17:50:30Z" duration-ms="59994">
    <groups>
    </groups>
    <test started-at="2018-04-03T17:49:30Z" name="Default test" finished-at="2018-04-03T17:50:30Z" duration-ms="59994">
      <class name="com.in.FirstTest">
        <test-method is-config="true" signature="beforeTest()[pri:0, instance:com.in.FirstTest@57cf54e1]" started-at="2018-04-03T17:49:30Z" name="beforeTest" finished-at="2018-04-03T17:49:30Z" duration-ms="49" status="PASS">
          <reporter-output>
          </reporter-output>
        </test-method> <!-- beforeTest -->
        <test-method signature="f()[pri:0, instance:com.in.FirstTest@57cf54e1]" started-at="2018-04-03T17:49:30Z" name="f" finished-at="2018-04-03T17:50:30Z" duration-ms="59765" status="PASS">
          <reporter-output>
          </reporter-output>
        </test-method> <!-- f -->
        <test-method is-config="true" signature="afterTest()[pri:0, instance:com.in.FirstTest@57cf54e1]" started-at="2018-04-03T17:50:30Z" name="afterTest" finished-at="2018-04-03T17:50:30Z" duration-ms="49" status="PASS">
          <reporter-output>
          </reporter-output>
        </test-method> <!-- afterTest -->
      </class> <!-- com.in.FirstTest -->
    </test> <!-- Default test -->
  </suite> <!-- Default suite -->
</testng-results>
